Analysis & Synthesis report for FirFullSerial
Wed May 28 20:48:34 2014
Quartus II 32-bit Version 12.1 Build 177 11/07/2012 SJ Full Version


---------------------
; Table of Contents ;
---------------------
  1. Legal Notice
  2. Analysis & Synthesis Summary
  3. Analysis & Synthesis Settings
  4. Parallel Compilation
  5. Analysis & Synthesis Source Files Read
  6. Analysis & Synthesis Resource Usage Summary
  7. Analysis & Synthesis Resource Utilization by Entity
  8. Analysis & Synthesis DSP Block Usage Summary
  9. Analysis & Synthesis IP Cores Summary
 10. General Register Statistics
 11. Parameter Settings for User Entity Instance: mult:Umult0|lpm_mult:lpm_mult_component
 12. Parameter Settings for User Entity Instance: mult:Umult1|lpm_mult:lpm_mult_component
 13. Parameter Settings for User Entity Instance: mult:Umult2|lpm_mult:lpm_mult_component
 14. Parameter Settings for User Entity Instance: mult:Umult3|lpm_mult:lpm_mult_component
 15. Parameter Settings for User Entity Instance: mult:Umult4|lpm_mult:lpm_mult_component
 16. Parameter Settings for User Entity Instance: mult:Umult5|lpm_mult:lpm_mult_component
 17. Parameter Settings for User Entity Instance: mult:Umult6|lpm_mult:lpm_mult_component
 18. Parameter Settings for User Entity Instance: mult:Umult7|lpm_mult:lpm_mult_component
 19. lpm_mult Parameter Settings by Entity Instance
 20. Port Connectivity Checks: "mult:Umult7"
 21. Port Connectivity Checks: "mult:Umult6"
 22. Port Connectivity Checks: "mult:Umult5"
 23. Port Connectivity Checks: "mult:Umult4"
 24. Port Connectivity Checks: "mult:Umult3"
 25. Port Connectivity Checks: "mult:Umult2"
 26. Port Connectivity Checks: "mult:Umult1"
 27. Port Connectivity Checks: "mult:Umult0"
 28. Elapsed Time Per Partition
 29. Analysis & Synthesis Messages
 30. Analysis & Synthesis Suppressed Messages



----------------
; Legal Notice ;
----------------
Copyright (C) 1991-2012 Altera Corporation
Your use of Altera Corporation's design tools, logic functions 
and other software and tools, and its AMPP partner logic 
functions, and any output files from any of the foregoing 
(including device programming or simulation files), and any 
associated documentation or information are expressly subject 
to the terms and conditions of the Altera Program License 
Subscription Agreement, Altera MegaCore Function License 
Agreement, or other applicable license agreement, including, 
without limitation, that your use is for the sole purpose of 
programming logic devices manufactured by Altera and sold by 
Altera or its authorized distributors.  Please refer to the 
applicable agreement for further details.



+--------------------------------------------------------------------------------+
; Analysis & Synthesis Summary                                                   ;
+------------------------------------+-------------------------------------------+
; Analysis & Synthesis Status        ; Successful - Wed May 28 20:48:34 2014     ;
; Quartus II 32-bit Version          ; 12.1 Build 177 11/07/2012 SJ Full Version ;
; Revision Name                      ; FirFullSerial                             ;
; Top-level Entity Name              ; FirParallel                               ;
; Family                             ; Cyclone IV E                              ;
; Total logic elements               ; 517                                       ;
;     Total combinational functions  ; 296                                       ;
;     Dedicated logic registers      ; 354                                       ;
; Total registers                    ; 354                                       ;
; Total pins                         ; 43                                        ;
; Total virtual pins                 ; 0                                         ;
; Total memory bits                  ; 0                                         ;
; Embedded Multiplier 9-bit elements ; 16                                        ;
; Total PLLs                         ; 0                                         ;
+------------------------------------+-------------------------------------------+


+----------------------------------------------------------------------------------------------------------------------+
; Analysis & Synthesis Settings                                                                                        ;
+----------------------------------------------------------------------------+--------------------+--------------------+
; Option                                                                     ; Setting            ; Default Value      ;
+----------------------------------------------------------------------------+--------------------+--------------------+
; Device                                                                     ; EP4CE15F17C8       ;                    ;
; Top-level entity name                                                      ; FirParallel        ; FirFullSerial      ;
; Family name                                                                ; Cyclone IV E       ; Cyclone IV GX      ;
; Use smart compilation                                                      ; Off                ; Off                ;
; Enable parallel Assembler and TimeQuest Timing Analyzer during compilation ; On                 ; On                 ;
; Enable compact report table                                                ; Off                ; Off                ;
; Restructure Multiplexers                                                   ; Auto               ; Auto               ;
; Create Debugging Nodes for IP Cores                                        ; Off                ; Off                ;
; Preserve fewer node names                                                  ; On                 ; On                 ;
; Disable OpenCore Plus hardware evaluation                                  ; Off                ; Off                ;
; Verilog Version                                                            ; Verilog_2001       ; Verilog_2001       ;
; VHDL Version                                                               ; VHDL_1993          ; VHDL_1993          ;
; State Machine Processing                                                   ; Auto               ; Auto               ;
; Safe State Machine                                                         ; Off                ; Off                ;
; Extract Verilog State Machines                                             ; On                 ; On                 ;
; Extract VHDL State Machines                                                ; On                 ; On                 ;
; Ignore Verilog initial constructs                                          ; Off                ; Off                ;
; Iteration limit for constant Verilog loops                                 ; 5000               ; 5000               ;
; Iteration limit for non-constant Verilog loops                             ; 250                ; 250                ;
; Add Pass-Through Logic to Inferred RAMs                                    ; On                 ; On                 ;
; Infer RAMs from Raw Logic                                                  ; On                 ; On                 ;
; Parallel Synthesis                                                         ; On                 ; On                 ;
; DSP Block Balancing                                                        ; Auto               ; Auto               ;
; NOT Gate Push-Back                                                         ; On                 ; On                 ;
; Power-Up Don't Care                                                        ; On                 ; On                 ;
; Remove Redundant Logic Cells                                               ; Off                ; Off                ;
; Remove Duplicate Registers                                                 ; On                 ; On                 ;
; Ignore CARRY Buffers                                                       ; Off                ; Off                ;
; Ignore CASCADE Buffers                                                     ; Off                ; Off                ;
; Ignore GLOBAL Buffers                                                      ; Off                ; Off                ;
; Ignore ROW GLOBAL Buffers                                                  ; Off                ; Off                ;
; Ignore LCELL Buffers                                                       ; Off                ; Off                ;
; Ignore SOFT Buffers                                                        ; On                 ; On                 ;
; Limit AHDL Integers to 32 Bits                                             ; Off                ; Off                ;
; Optimization Technique                                                     ; Balanced           ; Balanced           ;
; Carry Chain Length                                                         ; 70                 ; 70                 ;
; Auto Carry Chains                                                          ; On                 ; On                 ;
; Auto Open-Drain Pins                                                       ; On                 ; On                 ;
; Perform WYSIWYG Primitive Resynthesis                                      ; Off                ; Off                ;
; Auto ROM Replacement                                                       ; On                 ; On                 ;
; Auto RAM Replacement                                                       ; On                 ; On                 ;
; Auto DSP Block Replacement                                                 ; On                 ; On                 ;
; Auto Shift Register Replacement                                            ; Auto               ; Auto               ;
; Allow Shift Register Merging across Hierarchies                            ; Auto               ; Auto               ;
; Auto Clock Enable Replacement                                              ; On                 ; On                 ;
; Strict RAM Replacement                                                     ; Off                ; Off                ;
; Allow Synchronous Control Signals                                          ; On                 ; On                 ;
; Force Use of Synchronous Clear Signals                                     ; Off                ; Off                ;
; Auto RAM Block Balancing                                                   ; On                 ; On                 ;
; Auto RAM to Logic Cell Conversion                                          ; Off                ; Off                ;
; Auto Resource Sharing                                                      ; Off                ; Off                ;
; Allow Any RAM Size For Recognition                                         ; Off                ; Off                ;
; Allow Any ROM Size For Recognition                                         ; Off                ; Off                ;
; Allow Any Shift Register Size For Recognition                              ; Off                ; Off                ;
; Use LogicLock Constraints during Resource Balancing                        ; On                 ; On                 ;
; Ignore translate_off and synthesis_off directives                          ; Off                ; Off                ;
; Timing-Driven Synthesis                                                    ; On                 ; On                 ;
; Report Parameter Settings                                                  ; On                 ; On                 ;
; Report Source Assignments                                                  ; On                 ; On                 ;
; Report Connectivity Checks                                                 ; On                 ; On                 ;
; Ignore Maximum Fan-Out Assignments                                         ; Off                ; Off                ;
; Synchronization Register Chain Length                                      ; 2                  ; 2                  ;
; PowerPlay Power Optimization                                               ; Normal compilation ; Normal compilation ;
; HDL message level                                                          ; Level2             ; Level2             ;
; Suppress Register Optimization Related Messages                            ; Off                ; Off                ;
; Number of Removed Registers Reported in Synthesis Report                   ; 5000               ; 5000               ;
; Number of Swept Nodes Reported in Synthesis Report                         ; 5000               ; 5000               ;
; Number of Inverted Registers Reported in Synthesis Report                  ; 100                ; 100                ;
; Clock MUX Protection                                                       ; On                 ; On                 ;
; Auto Gated Clock Conversion                                                ; Off                ; Off                ;
; Block Design Naming                                                        ; Auto               ; Auto               ;
; SDC constraint protection                                                  ; Off                ; Off                ;
; Synthesis Effort                                                           ; Auto               ; Auto               ;
; Shift Register Replacement - Allow Asynchronous Clear Signal               ; On                 ; On                 ;
; Pre-Mapping Resynthesis Optimization                                       ; Off                ; Off                ;
; Analysis & Synthesis Message Level                                         ; Medium             ; Medium             ;
; Disable Register Merging Across Hierarchies                                ; Auto               ; Auto               ;
; Resource Aware Inference For Block RAM                                     ; On                 ; On                 ;
; Synthesis Seed                                                             ; 1                  ; 1                  ;
+----------------------------------------------------------------------------+--------------------+--------------------+


+------------------------------------------+
; Parallel Compilation                     ;
+----------------------------+-------------+
; Processors                 ; Number      ;
+----------------------------+-------------+
; Number detected on machine ; 2           ;
; Maximum allowed            ; 2           ;
;                            ;             ;
; Average used               ; 1.00        ;
; Maximum used               ; 2           ;
;                            ;             ;
; Usage by Processor         ; % Time Used ;
;     1 processor            ; 100.0%      ;
;     2 processors           ; < 0.1%      ;
+----------------------------+-------------+


+----------------------------------------------------------------------------------------------------------------------------------------------------------------+
; Analysis & Synthesis Source Files Read                                                                                                                         ;
+----------------------------------+-----------------+------------------------------+------------------------------------------------------------------+---------+
; File Name with User-Entered Path ; Used in Netlist ; File Type                    ; File Name with Absolute Path                                     ; Library ;
+----------------------------------+-----------------+------------------------------+------------------------------------------------------------------+---------+
; source/FirParallel.v             ; yes             ; User Verilog HDL File        ; D:/FilterVerilog/Chapter_4/E4_8/FirParallel/source/FirParallel.v ;         ;
; ipcore/mult.v                    ; yes             ; User Wizard-Generated File   ; D:/FilterVerilog/Chapter_4/E4_8/FirParallel/ipcore/mult.v        ;         ;
; lpm_mult.tdf                     ; yes             ; Megafunction                 ; c:/altera/12.1/quartus/libraries/megafunctions/lpm_mult.tdf      ;         ;
; aglobal121.inc                   ; yes             ; Megafunction                 ; c:/altera/12.1/quartus/libraries/megafunctions/aglobal121.inc    ;         ;
; lpm_add_sub.inc                  ; yes             ; Megafunction                 ; c:/altera/12.1/quartus/libraries/megafunctions/lpm_add_sub.inc   ;         ;
; multcore.inc                     ; yes             ; Megafunction                 ; c:/altera/12.1/quartus/libraries/megafunctions/multcore.inc      ;         ;
; bypassff.inc                     ; yes             ; Megafunction                 ; c:/altera/12.1/quartus/libraries/megafunctions/bypassff.inc      ;         ;
; altshift.inc                     ; yes             ; Megafunction                 ; c:/altera/12.1/quartus/libraries/megafunctions/altshift.inc      ;         ;
; db/mult_86p.tdf                  ; yes             ; Auto-Generated Megafunction  ; D:/FilterVerilog/Chapter_4/E4_8/FirParallel/db/mult_86p.tdf      ;         ;
+----------------------------------+-----------------+------------------------------+------------------------------------------------------------------+---------+


+-----------------------------------------------------+
; Analysis & Synthesis Resource Usage Summary         ;
+---------------------------------------------+-------+
; Resource                                    ; Usage ;
+---------------------------------------------+-------+
; Estimated Total logic elements              ; 517   ;
;                                             ;       ;
; Total combinational functions               ; 296   ;
; Logic element usage by number of LUT inputs ;       ;
;     -- 4 input functions                    ; 0     ;
;     -- 3 input functions                    ; 281   ;
;     -- <=2 input functions                  ; 15    ;
;                                             ;       ;
; Logic elements by mode                      ;       ;
;     -- normal mode                          ; 15    ;
;     -- arithmetic mode                      ; 281   ;
;                                             ;       ;
; Total registers                             ; 354   ;
;     -- Dedicated logic registers            ; 354   ;
;     -- I/O registers                        ; 0     ;
;                                             ;       ;
; I/O pins                                    ; 43    ;
; Embedded Multiplier 9-bit elements          ; 16    ;
; Maximum fan-out                             ; 362   ;
; Total fan-out                               ; 2127  ;
; Average fan-out                             ; 2.83  ;
+---------------------------------------------+-------+


+-----------------------------------------------------------------------------------------------------------------------------------------------------------------------------------------------------------------------------------------------+
; Analysis & Synthesis Resource Utilization by Entity                                                                                                                                                                                           ;
+-------------------------------------+-------------------+--------------+-------------+--------------+---------+-----------+------+--------------+------------------------------------------------------------------------------+--------------+
; Compilation Hierarchy Node          ; LC Combinationals ; LC Registers ; Memory Bits ; DSP Elements ; DSP 9x9 ; DSP 18x18 ; Pins ; Virtual Pins ; Full Hierarchy Name                                                          ; Library Name ;
+-------------------------------------+-------------------+--------------+-------------+--------------+---------+-----------+------+--------------+------------------------------------------------------------------------------+--------------+
; |FirParallel                        ; 296 (296)         ; 354 (354)    ; 0           ; 16           ; 0       ; 8         ; 43   ; 0            ; |FirParallel                                                                 ;              ;
;    |mult:Umult0|                    ; 0 (0)             ; 0 (0)        ; 0           ; 2            ; 0       ; 1         ; 0    ; 0            ; |FirParallel|mult:Umult0                                                     ;              ;
;       |lpm_mult:lpm_mult_component| ; 0 (0)             ; 0 (0)        ; 0           ; 2            ; 0       ; 1         ; 0    ; 0            ; |FirParallel|mult:Umult0|lpm_mult:lpm_mult_component                         ;              ;
;          |mult_86p:auto_generated|  ; 0 (0)             ; 0 (0)        ; 0           ; 2            ; 0       ; 1         ; 0    ; 0            ; |FirParallel|mult:Umult0|lpm_mult:lpm_mult_component|mult_86p:auto_generated ;              ;
;    |mult:Umult1|                    ; 0 (0)             ; 0 (0)        ; 0           ; 2            ; 0       ; 1         ; 0    ; 0            ; |FirParallel|mult:Umult1                                                     ;              ;
;       |lpm_mult:lpm_mult_component| ; 0 (0)             ; 0 (0)        ; 0           ; 2            ; 0       ; 1         ; 0    ; 0            ; |FirParallel|mult:Umult1|lpm_mult:lpm_mult_component                         ;              ;
;          |mult_86p:auto_generated|  ; 0 (0)             ; 0 (0)        ; 0           ; 2            ; 0       ; 1         ; 0    ; 0            ; |FirParallel|mult:Umult1|lpm_mult:lpm_mult_component|mult_86p:auto_generated ;              ;
;    |mult:Umult2|                    ; 0 (0)             ; 0 (0)        ; 0           ; 2            ; 0       ; 1         ; 0    ; 0            ; |FirParallel|mult:Umult2                                                     ;              ;
;       |lpm_mult:lpm_mult_component| ; 0 (0)             ; 0 (0)        ; 0           ; 2            ; 0       ; 1         ; 0    ; 0            ; |FirParallel|mult:Umult2|lpm_mult:lpm_mult_component                         ;              ;
;          |mult_86p:auto_generated|  ; 0 (0)             ; 0 (0)        ; 0           ; 2            ; 0       ; 1         ; 0    ; 0            ; |FirParallel|mult:Umult2|lpm_mult:lpm_mult_component|mult_86p:auto_generated ;              ;
;    |mult:Umult3|                    ; 0 (0)             ; 0 (0)        ; 0           ; 2            ; 0       ; 1         ; 0    ; 0            ; |FirParallel|mult:Umult3                                                     ;              ;
;       |lpm_mult:lpm_mult_component| ; 0 (0)             ; 0 (0)        ; 0           ; 2            ; 0       ; 1         ; 0    ; 0            ; |FirParallel|mult:Umult3|lpm_mult:lpm_mult_component                         ;              ;
;          |mult_86p:auto_generated|  ; 0 (0)             ; 0 (0)        ; 0           ; 2            ; 0       ; 1         ; 0    ; 0            ; |FirParallel|mult:Umult3|lpm_mult:lpm_mult_component|mult_86p:auto_generated ;              ;
;    |mult:Umult4|                    ; 0 (0)             ; 0 (0)        ; 0           ; 2            ; 0       ; 1         ; 0    ; 0            ; |FirParallel|mult:Umult4                                                     ;              ;
;       |lpm_mult:lpm_mult_component| ; 0 (0)             ; 0 (0)        ; 0           ; 2            ; 0       ; 1         ; 0    ; 0            ; |FirParallel|mult:Umult4|lpm_mult:lpm_mult_component                         ;              ;
;          |mult_86p:auto_generated|  ; 0 (0)             ; 0 (0)        ; 0           ; 2            ; 0       ; 1         ; 0    ; 0            ; |FirParallel|mult:Umult4|lpm_mult:lpm_mult_component|mult_86p:auto_generated ;              ;
;    |mult:Umult5|                    ; 0 (0)             ; 0 (0)        ; 0           ; 2            ; 0       ; 1         ; 0    ; 0            ; |FirParallel|mult:Umult5                                                     ;              ;
;       |lpm_mult:lpm_mult_component| ; 0 (0)             ; 0 (0)        ; 0           ; 2            ; 0       ; 1         ; 0    ; 0            ; |FirParallel|mult:Umult5|lpm_mult:lpm_mult_component                         ;              ;
;          |mult_86p:auto_generated|  ; 0 (0)             ; 0 (0)        ; 0           ; 2            ; 0       ; 1         ; 0    ; 0            ; |FirParallel|mult:Umult5|lpm_mult:lpm_mult_component|mult_86p:auto_generated ;              ;
;    |mult:Umult6|                    ; 0 (0)             ; 0 (0)        ; 0           ; 2            ; 0       ; 1         ; 0    ; 0            ; |FirParallel|mult:Umult6                                                     ;              ;
;       |lpm_mult:lpm_mult_component| ; 0 (0)             ; 0 (0)        ; 0           ; 2            ; 0       ; 1         ; 0    ; 0            ; |FirParallel|mult:Umult6|lpm_mult:lpm_mult_component                         ;              ;
;          |mult_86p:auto_generated|  ; 0 (0)             ; 0 (0)        ; 0           ; 2            ; 0       ; 1         ; 0    ; 0            ; |FirParallel|mult:Umult6|lpm_mult:lpm_mult_component|mult_86p:auto_generated ;              ;
;    |mult:Umult7|                    ; 0 (0)             ; 0 (0)        ; 0           ; 2            ; 0       ; 1         ; 0    ; 0            ; |FirParallel|mult:Umult7                                                     ;              ;
;       |lpm_mult:lpm_mult_component| ; 0 (0)             ; 0 (0)        ; 0           ; 2            ; 0       ; 1         ; 0    ; 0            ; |FirParallel|mult:Umult7|lpm_mult:lpm_mult_component                         ;              ;
;          |mult_86p:auto_generated|  ; 0 (0)             ; 0 (0)        ; 0           ; 2            ; 0       ; 1         ; 0    ; 0            ; |FirParallel|mult:Umult7|lpm_mult:lpm_mult_component|mult_86p:auto_generated ;              ;
+-------------------------------------+-------------------+--------------+-------------+--------------+---------+-----------+------+--------------+------------------------------------------------------------------------------+--------------+
Note: For table entries with two numbers listed, the numbers in parentheses indicate the number of resources of the given type used by the specific entity alone. The numbers listed outside of parentheses indicate the total resources of the given type used by the specific entity and all of its sub-entities in the hierarchy.


+-----------------------------------------------------+
; Analysis & Synthesis DSP Block Usage Summary        ;
+---------------------------------------+-------------+
; Statistic                             ; Number Used ;
+---------------------------------------+-------------+
; Simple Multipliers (9-bit)            ; 0           ;
; Simple Multipliers (18-bit)           ; 8           ;
; Embedded Multiplier Blocks            ; --          ;
; Embedded Multiplier 9-bit elements    ; 16          ;
; Signed Embedded Multipliers           ; 8           ;
; Unsigned Embedded Multipliers         ; 0           ;
; Mixed Sign Embedded Multipliers       ; 0           ;
; Variable Sign Embedded Multipliers    ; 0           ;
; Dedicated Input Shift Register Chains ; 0           ;
+---------------------------------------+-------------+
Note: number of Embedded Multiplier Blocks used is only available after a successful fit.


+------------------------------------------------------------------------------------------------------------------------------------------------------+
; Analysis & Synthesis IP Cores Summary                                                                                                                ;
+--------+--------------+---------+--------------+--------------+--------------------------+-----------------------------------------------------------+
; Vendor ; IP Core Name ; Version ; Release Date ; License Type ; Entity Instance          ; IP Include File                                           ;
+--------+--------------+---------+--------------+--------------+--------------------------+-----------------------------------------------------------+
; Altera ; LPM_MULT     ; 12.1    ; N/A          ; N/A          ; |FirParallel|mult:Umult0 ; D:/FilterVerilog/Chapter_4/E4_8/FirParallel/ipcore/mult.v ;
; Altera ; LPM_MULT     ; 12.1    ; N/A          ; N/A          ; |FirParallel|mult:Umult1 ; D:/FilterVerilog/Chapter_4/E4_8/FirParallel/ipcore/mult.v ;
; Altera ; LPM_MULT     ; 12.1    ; N/A          ; N/A          ; |FirParallel|mult:Umult2 ; D:/FilterVerilog/Chapter_4/E4_8/FirParallel/ipcore/mult.v ;
; Altera ; LPM_MULT     ; 12.1    ; N/A          ; N/A          ; |FirParallel|mult:Umult3 ; D:/FilterVerilog/Chapter_4/E4_8/FirParallel/ipcore/mult.v ;
; Altera ; LPM_MULT     ; 12.1    ; N/A          ; N/A          ; |FirParallel|mult:Umult4 ; D:/FilterVerilog/Chapter_4/E4_8/FirParallel/ipcore/mult.v ;
; Altera ; LPM_MULT     ; 12.1    ; N/A          ; N/A          ; |FirParallel|mult:Umult5 ; D:/FilterVerilog/Chapter_4/E4_8/FirParallel/ipcore/mult.v ;
; Altera ; LPM_MULT     ; 12.1    ; N/A          ; N/A          ; |FirParallel|mult:Umult6 ; D:/FilterVerilog/Chapter_4/E4_8/FirParallel/ipcore/mult.v ;
; Altera ; LPM_MULT     ; 12.1    ; N/A          ; N/A          ; |FirParallel|mult:Umult7 ; D:/FilterVerilog/Chapter_4/E4_8/FirParallel/ipcore/mult.v ;
+--------+--------------+---------+--------------+--------------+--------------------------+-----------------------------------------------------------+


+------------------------------------------------------+
; General Register Statistics                          ;
+----------------------------------------------+-------+
; Statistic                                    ; Value ;
+----------------------------------------------+-------+
; Total registers                              ; 354   ;
; Number of registers using Synchronous Clear  ; 0     ;
; Number of registers using Synchronous Load   ; 0     ;
; Number of registers using Asynchronous Clear ; 342   ;
; Number of registers using Asynchronous Load  ; 0     ;
; Number of registers using Clock Enable       ; 12    ;
; Number of registers using Preset             ; 0     ;
+----------------------------------------------+-------+


+--------------------------------------------------------------------------------------+
; Parameter Settings for User Entity Instance: mult:Umult0|lpm_mult:lpm_mult_component ;
+------------------------------------------------+--------------+----------------------+
; Parameter Name                                 ; Value        ; Type                 ;
+------------------------------------------------+--------------+----------------------+
; AUTO_CARRY_CHAINS                              ; ON           ; AUTO_CARRY           ;
; IGNORE_CARRY_BUFFERS                           ; OFF          ; IGNORE_CARRY         ;
; AUTO_CASCADE_CHAINS                            ; ON           ; AUTO_CASCADE         ;
; IGNORE_CASCADE_BUFFERS                         ; OFF          ; IGNORE_CASCADE       ;
; LPM_WIDTHA                                     ; 12           ; Signed Integer       ;
; LPM_WIDTHB                                     ; 13           ; Signed Integer       ;
; LPM_WIDTHP                                     ; 25           ; Signed Integer       ;
; LPM_WIDTHR                                     ; 0            ; Untyped              ;
; LPM_WIDTHS                                     ; 1            ; Untyped              ;
; LPM_REPRESENTATION                             ; SIGNED       ; Untyped              ;
; LPM_PIPELINE                                   ; 1            ; Signed Integer       ;
; LATENCY                                        ; 0            ; Untyped              ;
; INPUT_A_IS_CONSTANT                            ; NO           ; Untyped              ;
; INPUT_B_IS_CONSTANT                            ; NO           ; Untyped              ;
; USE_EAB                                        ; OFF          ; Untyped              ;
; MAXIMIZE_SPEED                                 ; 5            ; Untyped              ;
; DEVICE_FAMILY                                  ; Cyclone IV E ; Untyped              ;
; CARRY_CHAIN                                    ; MANUAL       ; Untyped              ;
; APEX20K_TECHNOLOGY_MAPPER                      ; LUT          ; TECH_MAPPER_APEX20K  ;
; DEDICATED_MULTIPLIER_CIRCUITRY                 ; AUTO         ; Untyped              ;
; DEDICATED_MULTIPLIER_MIN_INPUT_WIDTH_FOR_AUTO  ; 0            ; Untyped              ;
; DEDICATED_MULTIPLIER_MIN_OUTPUT_WIDTH_FOR_AUTO ; 0            ; Untyped              ;
; CBXI_PARAMETER                                 ; mult_86p     ; Untyped              ;
; INPUT_A_FIXED_VALUE                            ; Bx           ; Untyped              ;
; INPUT_B_FIXED_VALUE                            ; Bx           ; Untyped              ;
; USE_AHDL_IMPLEMENTATION                        ; OFF          ; Untyped              ;
+------------------------------------------------+--------------+----------------------+
Note: In order to hide this table in the UI and the text report file, please set the "Show Parameter Settings in Synthesis Report" option in "Analysis and Synthesis Settings -> More Settings" to "Off".


+--------------------------------------------------------------------------------------+
; Parameter Settings for User Entity Instance: mult:Umult1|lpm_mult:lpm_mult_component ;
+------------------------------------------------+--------------+----------------------+
; Parameter Name                                 ; Value        ; Type                 ;
+------------------------------------------------+--------------+----------------------+
; AUTO_CARRY_CHAINS                              ; ON           ; AUTO_CARRY           ;
; IGNORE_CARRY_BUFFERS                           ; OFF          ; IGNORE_CARRY         ;
; AUTO_CASCADE_CHAINS                            ; ON           ; AUTO_CASCADE         ;
; IGNORE_CASCADE_BUFFERS                         ; OFF          ; IGNORE_CASCADE       ;
; LPM_WIDTHA                                     ; 12           ; Signed Integer       ;
; LPM_WIDTHB                                     ; 13           ; Signed Integer       ;
; LPM_WIDTHP                                     ; 25           ; Signed Integer       ;
; LPM_WIDTHR                                     ; 0            ; Untyped              ;
; LPM_WIDTHS                                     ; 1            ; Untyped              ;
; LPM_REPRESENTATION                             ; SIGNED       ; Untyped              ;
; LPM_PIPELINE                                   ; 1            ; Signed Integer       ;
; LATENCY                                        ; 0            ; Untyped              ;
; INPUT_A_IS_CONSTANT                            ; NO           ; Untyped              ;
; INPUT_B_IS_CONSTANT                            ; NO           ; Untyped              ;
; USE_EAB                                        ; OFF          ; Untyped              ;
; MAXIMIZE_SPEED                                 ; 5            ; Untyped              ;
; DEVICE_FAMILY                                  ; Cyclone IV E ; Untyped              ;
; CARRY_CHAIN                                    ; MANUAL       ; Untyped              ;
; APEX20K_TECHNOLOGY_MAPPER                      ; LUT          ; TECH_MAPPER_APEX20K  ;
; DEDICATED_MULTIPLIER_CIRCUITRY                 ; AUTO         ; Untyped              ;
; DEDICATED_MULTIPLIER_MIN_INPUT_WIDTH_FOR_AUTO  ; 0            ; Untyped              ;
; DEDICATED_MULTIPLIER_MIN_OUTPUT_WIDTH_FOR_AUTO ; 0            ; Untyped              ;
; CBXI_PARAMETER                                 ; mult_86p     ; Untyped              ;
; INPUT_A_FIXED_VALUE                            ; Bx           ; Untyped              ;
; INPUT_B_FIXED_VALUE                            ; Bx           ; Untyped              ;
; USE_AHDL_IMPLEMENTATION                        ; OFF          ; Untyped              ;
+------------------------------------------------+--------------+----------------------+
Note: In order to hide this table in the UI and the text report file, please set the "Show Parameter Settings in Synthesis Report" option in "Analysis and Synthesis Settings -> More Settings" to "Off".


+--------------------------------------------------------------------------------------+
; Parameter Settings for User Entity Instance: mult:Umult2|lpm_mult:lpm_mult_component ;
+------------------------------------------------+--------------+----------------------+
; Parameter Name                                 ; Value        ; Type                 ;
+------------------------------------------------+--------------+----------------------+
; AUTO_CARRY_CHAINS                              ; ON           ; AUTO_CARRY           ;
; IGNORE_CARRY_BUFFERS                           ; OFF          ; IGNORE_CARRY         ;
; AUTO_CASCADE_CHAINS                            ; ON           ; AUTO_CASCADE         ;
; IGNORE_CASCADE_BUFFERS                         ; OFF          ; IGNORE_CASCADE       ;
; LPM_WIDTHA                                     ; 12           ; Signed Integer       ;
; LPM_WIDTHB                                     ; 13           ; Signed Integer       ;
; LPM_WIDTHP                                     ; 25           ; Signed Integer       ;
; LPM_WIDTHR                                     ; 0            ; Untyped              ;
; LPM_WIDTHS                                     ; 1            ; Untyped              ;
; LPM_REPRESENTATION                             ; SIGNED       ; Untyped              ;
; LPM_PIPELINE                                   ; 1            ; Signed Integer       ;
; LATENCY                                        ; 0            ; Untyped              ;
; INPUT_A_IS_CONSTANT                            ; NO           ; Untyped              ;
; INPUT_B_IS_CONSTANT                            ; NO           ; Untyped              ;
; USE_EAB                                        ; OFF          ; Untyped              ;
; MAXIMIZE_SPEED                                 ; 5            ; Untyped              ;
; DEVICE_FAMILY                                  ; Cyclone IV E ; Untyped              ;
; CARRY_CHAIN                                    ; MANUAL       ; Untyped              ;
; APEX20K_TECHNOLOGY_MAPPER                      ; LUT          ; TECH_MAPPER_APEX20K  ;
; DEDICATED_MULTIPLIER_CIRCUITRY                 ; AUTO         ; Untyped              ;
; DEDICATED_MULTIPLIER_MIN_INPUT_WIDTH_FOR_AUTO  ; 0            ; Untyped              ;
; DEDICATED_MULTIPLIER_MIN_OUTPUT_WIDTH_FOR_AUTO ; 0            ; Untyped              ;
; CBXI_PARAMETER                                 ; mult_86p     ; Untyped              ;
; INPUT_A_FIXED_VALUE                            ; Bx           ; Untyped              ;
; INPUT_B_FIXED_VALUE                            ; Bx           ; Untyped              ;
; USE_AHDL_IMPLEMENTATION                        ; OFF          ; Untyped              ;
+------------------------------------------------+--------------+----------------------+
Note: In order to hide this table in the UI and the text report file, please set the "Show Parameter Settings in Synthesis Report" option in "Analysis and Synthesis Settings -> More Settings" to "Off".


+--------------------------------------------------------------------------------------+
; Parameter Settings for User Entity Instance: mult:Umult3|lpm_mult:lpm_mult_component ;
+------------------------------------------------+--------------+----------------------+
; Parameter Name                                 ; Value        ; Type                 ;
+------------------------------------------------+--------------+----------------------+
; AUTO_CARRY_CHAINS                              ; ON           ; AUTO_CARRY           ;
; IGNORE_CARRY_BUFFERS                           ; OFF          ; IGNORE_CARRY         ;
; AUTO_CASCADE_CHAINS                            ; ON           ; AUTO_CASCADE         ;
; IGNORE_CASCADE_BUFFERS                         ; OFF          ; IGNORE_CASCADE       ;
; LPM_WIDTHA                                     ; 12           ; Signed Integer       ;
; LPM_WIDTHB                                     ; 13           ; Signed Integer       ;
; LPM_WIDTHP                                     ; 25           ; Signed Integer       ;
; LPM_WIDTHR                                     ; 0            ; Untyped              ;
; LPM_WIDTHS                                     ; 1            ; Untyped              ;
; LPM_REPRESENTATION                             ; SIGNED       ; Untyped              ;
; LPM_PIPELINE                                   ; 1            ; Signed Integer       ;
; LATENCY                                        ; 0            ; Untyped              ;
; INPUT_A_IS_CONSTANT                            ; NO           ; Untyped              ;
; INPUT_B_IS_CONSTANT                            ; NO           ; Untyped              ;
; USE_EAB                                        ; OFF          ; Untyped              ;
; MAXIMIZE_SPEED                                 ; 5            ; Untyped              ;
; DEVICE_FAMILY                                  ; Cyclone IV E ; Untyped              ;
; CARRY_CHAIN                                    ; MANUAL       ; Untyped              ;
; APEX20K_TECHNOLOGY_MAPPER                      ; LUT          ; TECH_MAPPER_APEX20K  ;
; DEDICATED_MULTIPLIER_CIRCUITRY                 ; AUTO         ; Untyped              ;
; DEDICATED_MULTIPLIER_MIN_INPUT_WIDTH_FOR_AUTO  ; 0            ; Untyped              ;
; DEDICATED_MULTIPLIER_MIN_OUTPUT_WIDTH_FOR_AUTO ; 0            ; Untyped              ;
; CBXI_PARAMETER                                 ; mult_86p     ; Untyped              ;
; INPUT_A_FIXED_VALUE                            ; Bx           ; Untyped              ;
; INPUT_B_FIXED_VALUE                            ; Bx           ; Untyped              ;
; USE_AHDL_IMPLEMENTATION                        ; OFF          ; Untyped              ;
+------------------------------------------------+--------------+----------------------+
Note: In order to hide this table in the UI and the text report file, please set the "Show Parameter Settings in Synthesis Report" option in "Analysis and Synthesis Settings -> More Settings" to "Off".


+--------------------------------------------------------------------------------------+
; Parameter Settings for User Entity Instance: mult:Umult4|lpm_mult:lpm_mult_component ;
+------------------------------------------------+--------------+----------------------+
; Parameter Name                                 ; Value        ; Type                 ;
+------------------------------------------------+--------------+----------------------+
; AUTO_CARRY_CHAINS                              ; ON           ; AUTO_CARRY           ;
; IGNORE_CARRY_BUFFERS                           ; OFF          ; IGNORE_CARRY         ;
; AUTO_CASCADE_CHAINS                            ; ON           ; AUTO_CASCADE         ;
; IGNORE_CASCADE_BUFFERS                         ; OFF          ; IGNORE_CASCADE       ;
; LPM_WIDTHA                                     ; 12           ; Signed Integer       ;
; LPM_WIDTHB                                     ; 13           ; Signed Integer       ;
; LPM_WIDTHP                                     ; 25           ; Signed Integer       ;
; LPM_WIDTHR                                     ; 0            ; Untyped              ;
; LPM_WIDTHS                                     ; 1            ; Untyped              ;
; LPM_REPRESENTATION                             ; SIGNED       ; Untyped              ;
; LPM_PIPELINE                                   ; 1            ; Signed Integer       ;
; LATENCY                                        ; 0            ; Untyped              ;
; INPUT_A_IS_CONSTANT                            ; NO           ; Untyped              ;
; INPUT_B_IS_CONSTANT                            ; NO           ; Untyped              ;
; USE_EAB                                        ; OFF          ; Untyped              ;
; MAXIMIZE_SPEED                                 ; 5            ; Untyped              ;
; DEVICE_FAMILY                                  ; Cyclone IV E ; Untyped              ;
; CARRY_CHAIN                                    ; MANUAL       ; Untyped              ;
; APEX20K_TECHNOLOGY_MAPPER                      ; LUT          ; TECH_MAPPER_APEX20K  ;
; DEDICATED_MULTIPLIER_CIRCUITRY                 ; AUTO         ; Untyped              ;
; DEDICATED_MULTIPLIER_MIN_INPUT_WIDTH_FOR_AUTO  ; 0            ; Untyped              ;
; DEDICATED_MULTIPLIER_MIN_OUTPUT_WIDTH_FOR_AUTO ; 0            ; Untyped              ;
; CBXI_PARAMETER                                 ; mult_86p     ; Untyped              ;
; INPUT_A_FIXED_VALUE                            ; Bx           ; Untyped              ;
; INPUT_B_FIXED_VALUE                            ; Bx           ; Untyped              ;
; USE_AHDL_IMPLEMENTATION                        ; OFF          ; Untyped              ;
+------------------------------------------------+--------------+----------------------+
Note: In order to hide this table in the UI and the text report file, please set the "Show Parameter Settings in Synthesis Report" option in "Analysis and Synthesis Settings -> More Settings" to "Off".


+--------------------------------------------------------------------------------------+
; Parameter Settings for User Entity Instance: mult:Umult5|lpm_mult:lpm_mult_component ;
+------------------------------------------------+--------------+----------------------+
; Parameter Name                                 ; Value        ; Type                 ;
+------------------------------------------------+--------------+----------------------+
; AUTO_CARRY_CHAINS                              ; ON           ; AUTO_CARRY           ;
; IGNORE_CARRY_BUFFERS                           ; OFF          ; IGNORE_CARRY         ;
; AUTO_CASCADE_CHAINS                            ; ON           ; AUTO_CASCADE         ;
; IGNORE_CASCADE_BUFFERS                         ; OFF          ; IGNORE_CASCADE       ;
; LPM_WIDTHA                                     ; 12           ; Signed Integer       ;
; LPM_WIDTHB                                     ; 13           ; Signed Integer       ;
; LPM_WIDTHP                                     ; 25           ; Signed Integer       ;
; LPM_WIDTHR                                     ; 0            ; Untyped              ;
; LPM_WIDTHS                                     ; 1            ; Untyped              ;
; LPM_REPRESENTATION                             ; SIGNED       ; Untyped              ;
; LPM_PIPELINE                                   ; 1            ; Signed Integer       ;
; LATENCY                                        ; 0            ; Untyped              ;
; INPUT_A_IS_CONSTANT                            ; NO           ; Untyped              ;
; INPUT_B_IS_CONSTANT                            ; NO           ; Untyped              ;
; USE_EAB                                        ; OFF          ; Untyped              ;
; MAXIMIZE_SPEED                                 ; 5            ; Untyped              ;
; DEVICE_FAMILY                                  ; Cyclone IV E ; Untyped              ;
; CARRY_CHAIN                                    ; MANUAL       ; Untyped              ;
; APEX20K_TECHNOLOGY_MAPPER                      ; LUT          ; TECH_MAPPER_APEX20K  ;
; DEDICATED_MULTIPLIER_CIRCUITRY                 ; AUTO         ; Untyped              ;
; DEDICATED_MULTIPLIER_MIN_INPUT_WIDTH_FOR_AUTO  ; 0            ; Untyped              ;
; DEDICATED_MULTIPLIER_MIN_OUTPUT_WIDTH_FOR_AUTO ; 0            ; Untyped              ;
; CBXI_PARAMETER                                 ; mult_86p     ; Untyped              ;
; INPUT_A_FIXED_VALUE                            ; Bx           ; Untyped              ;
; INPUT_B_FIXED_VALUE                            ; Bx           ; Untyped              ;
; USE_AHDL_IMPLEMENTATION                        ; OFF          ; Untyped              ;
+------------------------------------------------+--------------+----------------------+
Note: In order to hide this table in the UI and the text report file, please set the "Show Parameter Settings in Synthesis Report" option in "Analysis and Synthesis Settings -> More Settings" to "Off".


+--------------------------------------------------------------------------------------+
; Parameter Settings for User Entity Instance: mult:Umult6|lpm_mult:lpm_mult_component ;
+------------------------------------------------+--------------+----------------------+
; Parameter Name                                 ; Value        ; Type                 ;
+------------------------------------------------+--------------+----------------------+
; AUTO_CARRY_CHAINS                              ; ON           ; AUTO_CARRY           ;
; IGNORE_CARRY_BUFFERS                           ; OFF          ; IGNORE_CARRY         ;
; AUTO_CASCADE_CHAINS                            ; ON           ; AUTO_CASCADE         ;
; IGNORE_CASCADE_BUFFERS                         ; OFF          ; IGNORE_CASCADE       ;
; LPM_WIDTHA                                     ; 12           ; Signed Integer       ;
; LPM_WIDTHB                                     ; 13           ; Signed Integer       ;
; LPM_WIDTHP                                     ; 25           ; Signed Integer       ;
; LPM_WIDTHR                                     ; 0            ; Untyped              ;
; LPM_WIDTHS                                     ; 1            ; Untyped              ;
; LPM_REPRESENTATION                             ; SIGNED       ; Untyped              ;
; LPM_PIPELINE                                   ; 1            ; Signed Integer       ;
; LATENCY                                        ; 0            ; Untyped              ;
; INPUT_A_IS_CONSTANT                            ; NO           ; Untyped              ;
; INPUT_B_IS_CONSTANT                            ; NO           ; Untyped              ;
; USE_EAB                                        ; OFF          ; Untyped              ;
; MAXIMIZE_SPEED                                 ; 5            ; Untyped              ;
; DEVICE_FAMILY                                  ; Cyclone IV E ; Untyped              ;
; CARRY_CHAIN                                    ; MANUAL       ; Untyped              ;
; APEX20K_TECHNOLOGY_MAPPER                      ; LUT          ; TECH_MAPPER_APEX20K  ;
; DEDICATED_MULTIPLIER_CIRCUITRY                 ; AUTO         ; Untyped              ;
; DEDICATED_MULTIPLIER_MIN_INPUT_WIDTH_FOR_AUTO  ; 0            ; Untyped              ;
; DEDICATED_MULTIPLIER_MIN_OUTPUT_WIDTH_FOR_AUTO ; 0            ; Untyped              ;
; CBXI_PARAMETER                                 ; mult_86p     ; Untyped              ;
; INPUT_A_FIXED_VALUE                            ; Bx           ; Untyped              ;
; INPUT_B_FIXED_VALUE                            ; Bx           ; Untyped              ;
; USE_AHDL_IMPLEMENTATION                        ; OFF          ; Untyped              ;
+------------------------------------------------+--------------+----------------------+
Note: In order to hide this table in the UI and the text report file, please set the "Show Parameter Settings in Synthesis Report" option in "Analysis and Synthesis Settings -> More Settings" to "Off".


+--------------------------------------------------------------------------------------+
; Parameter Settings for User Entity Instance: mult:Umult7|lpm_mult:lpm_mult_component ;
+------------------------------------------------+--------------+----------------------+
; Parameter Name                                 ; Value        ; Type                 ;
+------------------------------------------------+--------------+----------------------+
; AUTO_CARRY_CHAINS                              ; ON           ; AUTO_CARRY           ;
; IGNORE_CARRY_BUFFERS                           ; OFF          ; IGNORE_CARRY         ;
; AUTO_CASCADE_CHAINS                            ; ON           ; AUTO_CASCADE         ;
; IGNORE_CASCADE_BUFFERS                         ; OFF          ; IGNORE_CASCADE       ;
; LPM_WIDTHA                                     ; 12           ; Signed Integer       ;
; LPM_WIDTHB                                     ; 13           ; Signed Integer       ;
; LPM_WIDTHP                                     ; 25           ; Signed Integer       ;
; LPM_WIDTHR                                     ; 0            ; Untyped              ;
; LPM_WIDTHS                                     ; 1            ; Untyped              ;
; LPM_REPRESENTATION                             ; SIGNED       ; Untyped              ;
; LPM_PIPELINE                                   ; 1            ; Signed Integer       ;
; LATENCY                                        ; 0            ; Untyped              ;
; INPUT_A_IS_CONSTANT                            ; NO           ; Untyped              ;
; INPUT_B_IS_CONSTANT                            ; NO           ; Untyped              ;
; USE_EAB                                        ; OFF          ; Untyped              ;
; MAXIMIZE_SPEED                                 ; 5            ; Untyped              ;
; DEVICE_FAMILY                                  ; Cyclone IV E ; Untyped              ;
; CARRY_CHAIN                                    ; MANUAL       ; Untyped              ;
; APEX20K_TECHNOLOGY_MAPPER                      ; LUT          ; TECH_MAPPER_APEX20K  ;
; DEDICATED_MULTIPLIER_CIRCUITRY                 ; AUTO         ; Untyped              ;
; DEDICATED_MULTIPLIER_MIN_INPUT_WIDTH_FOR_AUTO  ; 0            ; Untyped              ;
; DEDICATED_MULTIPLIER_MIN_OUTPUT_WIDTH_FOR_AUTO ; 0            ; Untyped              ;
; CBXI_PARAMETER                                 ; mult_86p     ; Untyped              ;
; INPUT_A_FIXED_VALUE                            ; Bx           ; Untyped              ;
; INPUT_B_FIXED_VALUE                            ; Bx           ; Untyped              ;
; USE_AHDL_IMPLEMENTATION                        ; OFF          ; Untyped              ;
+------------------------------------------------+--------------+----------------------+
Note: In order to hide this table in the UI and the text report file, please set the "Show Parameter Settings in Synthesis Report" option in "Analysis and Synthesis Settings -> More Settings" to "Off".


+---------------------------------------------------------------------------------+
; lpm_mult Parameter Settings by Entity Instance                                  ;
+---------------------------------------+-----------------------------------------+
; Name                                  ; Value                                   ;
+---------------------------------------+-----------------------------------------+
; Number of entity instances            ; 8                                       ;
; Entity Instance                       ; mult:Umult0|lpm_mult:lpm_mult_component ;
;     -- LPM_WIDTHA                     ; 12                                      ;
;     -- LPM_WIDTHB                     ; 13                                      ;
;     -- LPM_WIDTHP                     ; 25                                      ;
;     -- LPM_REPRESENTATION             ; SIGNED                                  ;
;     -- INPUT_A_IS_CONSTANT            ; NO                                      ;
;     -- INPUT_B_IS_CONSTANT            ; NO                                      ;
;     -- USE_EAB                        ; OFF                                     ;
;     -- DEDICATED_MULTIPLIER_CIRCUITRY ; AUTO                                    ;
;     -- INPUT_A_FIXED_VALUE            ; Bx                                      ;
;     -- INPUT_B_FIXED_VALUE            ; Bx                                      ;
; Entity Instance                       ; mult:Umult1|lpm_mult:lpm_mult_component ;
;     -- LPM_WIDTHA                     ; 12                                      ;
;     -- LPM_WIDTHB                     ; 13                                      ;
;     -- LPM_WIDTHP                     ; 25                                      ;
;     -- LPM_REPRESENTATION             ; SIGNED                                  ;
;     -- INPUT_A_IS_CONSTANT            ; NO                                      ;
;     -- INPUT_B_IS_CONSTANT            ; NO                                      ;
;     -- USE_EAB                        ; OFF                                     ;
;     -- DEDICATED_MULTIPLIER_CIRCUITRY ; AUTO                                    ;
;     -- INPUT_A_FIXED_VALUE            ; Bx                                      ;
;     -- INPUT_B_FIXED_VALUE            ; Bx                                      ;
; Entity Instance                       ; mult:Umult2|lpm_mult:lpm_mult_component ;
;     -- LPM_WIDTHA                     ; 12                                      ;
;     -- LPM_WIDTHB                     ; 13                                      ;
;     -- LPM_WIDTHP                     ; 25                                      ;
;     -- LPM_REPRESENTATION             ; SIGNED                                  ;
;     -- INPUT_A_IS_CONSTANT            ; NO                                      ;
;     -- INPUT_B_IS_CONSTANT            ; NO                                      ;
;     -- USE_EAB                        ; OFF                                     ;
;     -- DEDICATED_MULTIPLIER_CIRCUITRY ; AUTO                                    ;
;     -- INPUT_A_FIXED_VALUE            ; Bx                                      ;
;     -- INPUT_B_FIXED_VALUE            ; Bx                                      ;
; Entity Instance                       ; mult:Umult3|lpm_mult:lpm_mult_component ;
;     -- LPM_WIDTHA                     ; 12                                      ;
;     -- LPM_WIDTHB                     ; 13                                      ;
;     -- LPM_WIDTHP                     ; 25                                      ;
;     -- LPM_REPRESENTATION             ; SIGNED                                  ;
;     -- INPUT_A_IS_CONSTANT            ; NO                                      ;
;     -- INPUT_B_IS_CONSTANT            ; NO                                      ;
;     -- USE_EAB                        ; OFF                                     ;
;     -- DEDICATED_MULTIPLIER_CIRCUITRY ; AUTO                                    ;
;     -- INPUT_A_FIXED_VALUE            ; Bx                                      ;
;     -- INPUT_B_FIXED_VALUE            ; Bx                                      ;
; Entity Instance                       ; mult:Umult4|lpm_mult:lpm_mult_component ;
;     -- LPM_WIDTHA                     ; 12                                      ;
;     -- LPM_WIDTHB                     ; 13                                      ;
;     -- LPM_WIDTHP                     ; 25                                      ;
;     -- LPM_REPRESENTATION             ; SIGNED                                  ;
;     -- INPUT_A_IS_CONSTANT            ; NO                                      ;
;     -- INPUT_B_IS_CONSTANT            ; NO                                      ;
;     -- USE_EAB                        ; OFF                                     ;
;     -- DEDICATED_MULTIPLIER_CIRCUITRY ; AUTO                                    ;
;     -- INPUT_A_FIXED_VALUE            ; Bx                                      ;
;     -- INPUT_B_FIXED_VALUE            ; Bx                                      ;
; Entity Instance                       ; mult:Umult5|lpm_mult:lpm_mult_component ;
;     -- LPM_WIDTHA                     ; 12                                      ;
;     -- LPM_WIDTHB                     ; 13                                      ;
;     -- LPM_WIDTHP                     ; 25                                      ;
;     -- LPM_REPRESENTATION             ; SIGNED                                  ;
;     -- INPUT_A_IS_CONSTANT            ; NO                                      ;
;     -- INPUT_B_IS_CONSTANT            ; NO                                      ;
;     -- USE_EAB                        ; OFF                                     ;
;     -- DEDICATED_MULTIPLIER_CIRCUITRY ; AUTO                                    ;
;     -- INPUT_A_FIXED_VALUE            ; Bx                                      ;
;     -- INPUT_B_FIXED_VALUE            ; Bx                                      ;
; Entity Instance                       ; mult:Umult6|lpm_mult:lpm_mult_component ;
;     -- LPM_WIDTHA                     ; 12                                      ;
;     -- LPM_WIDTHB                     ; 13                                      ;
;     -- LPM_WIDTHP                     ; 25                                      ;
;     -- LPM_REPRESENTATION             ; SIGNED                                  ;
;     -- INPUT_A_IS_CONSTANT            ; NO                                      ;
;     -- INPUT_B_IS_CONSTANT            ; NO                                      ;
;     -- USE_EAB                        ; OFF                                     ;
;     -- DEDICATED_MULTIPLIER_CIRCUITRY ; AUTO                                    ;
;     -- INPUT_A_FIXED_VALUE            ; Bx                                      ;
;     -- INPUT_B_FIXED_VALUE            ; Bx                                      ;
; Entity Instance                       ; mult:Umult7|lpm_mult:lpm_mult_component ;
;     -- LPM_WIDTHA                     ; 12                                      ;
;     -- LPM_WIDTHB                     ; 13                                      ;
;     -- LPM_WIDTHP                     ; 25                                      ;
;     -- LPM_REPRESENTATION             ; SIGNED                                  ;
;     -- INPUT_A_IS_CONSTANT            ; NO                                      ;
;     -- INPUT_B_IS_CONSTANT            ; NO                                      ;
;     -- USE_EAB                        ; OFF                                     ;
;     -- DEDICATED_MULTIPLIER_CIRCUITRY ; AUTO                                    ;
;     -- INPUT_A_FIXED_VALUE            ; Bx                                      ;
;     -- INPUT_B_FIXED_VALUE            ; Bx                                      ;
+---------------------------------------+-----------------------------------------+


+------------------------------------------------+
; Port Connectivity Checks: "mult:Umult7"        ;
+--------------+-------+----------+--------------+
; Port         ; Type  ; Severity ; Details      ;
+--------------+-------+----------+--------------+
; dataa[10..0] ; Input ; Info     ; Stuck at VCC ;
; dataa[11]    ; Input ; Info     ; Stuck at GND ;
+--------------+-------+----------+--------------+


+-------------------------------------------------+
; Port Connectivity Checks: "mult:Umult6"         ;
+---------------+-------+----------+--------------+
; Port          ; Type  ; Severity ; Details      ;
+---------------+-------+----------+--------------+
; dataa[3..1]   ; Input ; Info     ; Stuck at VCC ;
; dataa[11..10] ; Input ; Info     ; Stuck at GND ;
; dataa[8..7]   ; Input ; Info     ; Stuck at GND ;
; dataa[5..4]   ; Input ; Info     ; Stuck at GND ;
; dataa[9]      ; Input ; Info     ; Stuck at VCC ;
; dataa[6]      ; Input ; Info     ; Stuck at VCC ;
; dataa[0]      ; Input ; Info     ; Stuck at GND ;
+---------------+-------+----------+--------------+


+------------------------------------------------+
; Port Connectivity Checks: "mult:Umult5"        ;
+--------------+-------+----------+--------------+
; Port         ; Type  ; Severity ; Details      ;
+--------------+-------+----------+--------------+
; dataa[11..9] ; Input ; Info     ; Stuck at VCC ;
; dataa[7..3]  ; Input ; Info     ; Stuck at VCC ;
; dataa[2..1]  ; Input ; Info     ; Stuck at GND ;
; dataa[8]     ; Input ; Info     ; Stuck at GND ;
; dataa[0]     ; Input ; Info     ; Stuck at VCC ;
+--------------+-------+----------+--------------+


+------------------------------------------------+
; Port Connectivity Checks: "mult:Umult4"        ;
+--------------+-------+----------+--------------+
; Port         ; Type  ; Severity ; Details      ;
+--------------+-------+----------+--------------+
; dataa[11..7] ; Input ; Info     ; Stuck at VCC ;
; dataa[1..0]  ; Input ; Info     ; Stuck at VCC ;
; dataa[6..4]  ; Input ; Info     ; Stuck at GND ;
; dataa[3]     ; Input ; Info     ; Stuck at VCC ;
; dataa[2]     ; Input ; Info     ; Stuck at GND ;
+--------------+-------+----------+--------------+


+------------------------------------------------+
; Port Connectivity Checks: "mult:Umult3"        ;
+--------------+-------+----------+--------------+
; Port         ; Type  ; Severity ; Details      ;
+--------------+-------+----------+--------------+
; dataa[3..1]  ; Input ; Info     ; Stuck at VCC ;
; dataa[11..6] ; Input ; Info     ; Stuck at GND ;
; dataa[5]     ; Input ; Info     ; Stuck at VCC ;
; dataa[4]     ; Input ; Info     ; Stuck at GND ;
; dataa[0]     ; Input ; Info     ; Stuck at GND ;
+--------------+-------+----------+--------------+


+------------------------------------------------+
; Port Connectivity Checks: "mult:Umult2"        ;
+--------------+-------+----------+--------------+
; Port         ; Type  ; Severity ; Details      ;
+--------------+-------+----------+--------------+
; dataa[3..0]  ; Input ; Info     ; Stuck at VCC ;
; dataa[11..4] ; Input ; Info     ; Stuck at GND ;
+--------------+-------+----------+--------------+


+------------------------------------------------+
; Port Connectivity Checks: "mult:Umult1"        ;
+--------------+-------+----------+--------------+
; Port         ; Type  ; Severity ; Details      ;
+--------------+-------+----------+--------------+
; dataa[11..2] ; Input ; Info     ; Stuck at VCC ;
; dataa[1]     ; Input ; Info     ; Stuck at GND ;
; dataa[0]     ; Input ; Info     ; Stuck at VCC ;
+--------------+-------+----------+--------------+


+-----------------------------------------+
; Port Connectivity Checks: "mult:Umult0" ;
+-------+-------+----------+--------------+
; Port  ; Type  ; Severity ; Details      ;
+-------+-------+----------+--------------+
; dataa ; Input ; Info     ; Stuck at GND ;
+-------+-------+----------+--------------+


+-------------------------------+
; Elapsed Time Per Partition    ;
+----------------+--------------+
; Partition Name ; Elapsed Time ;
+----------------+--------------+
; Top            ; 00:00:01     ;
+----------------+--------------+


+-------------------------------+
; Analysis & Synthesis Messages ;
+-------------------------------+
Info: *******************************************************************
Info: Running Quartus II 32-bit Analysis & Synthesis
    Info: Version 12.1 Build 177 11/07/2012 SJ Full Version
    Info: Processing started: Wed May 28 20:48:30 2014
Info: Command: quartus_map --read_settings_files=on --write_settings_files=off FirParallel -c FirFullSerial
Info (20030): Parallel compilation is enabled and will use 2 of the 2 processors detected
Info (12021): Found 1 design units, including 1 entities, in source file source/firparallel.v
    Info (12023): Found entity 1: FirParallel
Info (12021): Found 1 design units, including 1 entities, in source file ipcore/mult.v
    Info (12023): Found entity 1: mult
Info (12127): Elaborating entity "FirParallel" for the top level hierarchy
Warning (10230): Verilog HDL assignment warning at FirParallel.v(19): truncated value with size 32 to match size of target (4)
Warning (10230): Verilog HDL assignment warning at FirParallel.v(25): truncated value with size 32 to match size of target (4)
Warning (10240): Verilog HDL Always Construct warning at FirParallel.v(15): inferring latch(es) for variable "i", which holds its previous value in one or more paths through the always construct
Warning (10230): Verilog HDL assignment warning at FirParallel.v(37): truncated value with size 32 to match size of target (4)
Warning (10230): Verilog HDL assignment warning at FirParallel.v(42): truncated value with size 32 to match size of target (4)
Warning (10230): Verilog HDL assignment warning at FirParallel.v(115): truncated value with size 32 to match size of target (4)
Info (12128): Elaborating entity "mult" for hierarchy "mult:Umult0"
Info (12128): Elaborating entity "lpm_mult" for hierarchy "mult:Umult0|lpm_mult:lpm_mult_component"
Info (12130): Elaborated megafunction instantiation "mult:Umult0|lpm_mult:lpm_mult_component"
Info (12133): Instantiated megafunction "mult:Umult0|lpm_mult:lpm_mult_component" with the following parameter:
    Info (12134): Parameter "lpm_hint" = "MAXIMIZE_SPEED=5"
    Info (12134): Parameter "lpm_pipeline" = "1"
    Info (12134): Parameter "lpm_representation" = "SIGNED"
    Info (12134): Parameter "lpm_type" = "LPM_MULT"
    Info (12134): Parameter "lpm_widtha" = "12"
    Info (12134): Parameter "lpm_widthb" = "13"
    Info (12134): Parameter "lpm_widthp" = "25"
Info (12021): Found 1 design units, including 1 entities, in source file db/mult_86p.tdf
    Info (12023): Found entity 1: mult_86p
Info (12128): Elaborating entity "mult_86p" for hierarchy "mult:Umult0|lpm_mult:lpm_mult_component|mult_86p:auto_generated"
Info (286030): Timing-Driven Synthesis is running
Info (144001): Generated suppressed messages file D:/FilterVerilog/Chapter_4/E4_8/FirParallel/FirFullSerial.map.smsg
Info (16010): Generating hard_block partition "hard_block:auto_generated_inst"
    Info (16011): Adding 0 node(s), including 0 DDIO, 0 PLL, 0 transceiver and 0 LCELL
Info (21057): Implemented 576 device resources after synthesis - the final resource count might be different
    Info (21058): Implemented 14 input pins
    Info (21059): Implemented 29 output pins
    Info (21061): Implemented 517 logic cells
    Info (21062): Implemented 16 DSP elements
Info: Quartus II 32-bit Analysis & Synthesis was successful. 0 errors, 6 warnings
    Info: Peak virtual memory: 307 megabytes
    Info: Processing ended: Wed May 28 20:48:34 2014
    Info: Elapsed time: 00:00:04
    Info: Total CPU time (on all processors): 00:00:03


+------------------------------------------+
; Analysis & Synthesis Suppressed Messages ;
+------------------------------------------+
The suppressed messages can be found in D:/FilterVerilog/Chapter_4/E4_8/FirParallel/FirFullSerial.map.smsg.


