EDA Netlist Writer report for CICIP
Tue Jun 03 23:29:10 2014
Quartus II 32-bit Version 12.1 Build 177 11/07/2012 SJ Full Version


---------------------
; Table of Contents ;
---------------------
  1. Legal Notice
  2. EDA Netlist Writer Summary
  3. EDA Netlist Writer Messages



----------------
; Legal Notice ;
----------------
Copyright (C) 1991-2012 Altera Corporation
Your use of Altera Corporation's design tools, logic functions 
and other software and tools, and its AMPP partner logic 
functions, and any output files from any of the foregoing 
(including device programming or simulation files), and any 
associated documentation or information are expressly subject 
to the terms and conditions of the Altera Program License 
Subscription Agreement, Altera MegaCore Function License 
Agreement, or other applicable license agreement, including, 
without limitation, that your use is for the sole purpose of 
programming logic devices manufactured by Altera and sold by 
Altera or its authorized distributors.  Please refer to the 
applicable agreement for further details.



+-------------------------------------------------------------------+
; EDA Netlist Writer Summary                                        ;
+---------------------------+---------------------------------------+
; EDA Netlist Writer Status ; Successful - Tue Jun 03 23:29:10 2014 ;
; Revision Name             ; CICIP                                 ;
; Top-level Entity Name     ; CICIP                                 ;
; Family                    ; Cyclone IV E                          ;
+---------------------------+---------------------------------------+


+-----------------------------+
; EDA Netlist Writer Messages ;
+-----------------------------+
Info: *******************************************************************
Info: Running Quartus II 32-bit EDA Netlist Writer
    Info: Version 12.1 Build 177 11/07/2012 SJ Full Version
    Info: Processing started: Tue Jun 03 23:29:09 2014
Info: Command: quartus_eda --read_settings_files=on --write_settings_files=off CICIP -c CICIP --gen_testbench
Info (201000): Generated Verilog Test Bench File D:/FilterVerilog/Chapter_6/E6_9/CICIP/simulation/modelsim/CICIP.vt for simulation
Info: Quartus II 32-bit EDA Netlist Writer was successful. 0 errors, 0 warnings
    Info: Peak virtual memory: 277 megabytes
    Info: Processing ended: Tue Jun 03 23:29:10 2014
    Info: Elapsed time: 00:00:01
    Info: Total CPU time (on all processors): 00:00:01


